2023-01-14 21:32:33,121:INFO:PyCaret Supervised Module
2023-01-14 21:32:33,122:INFO:ML Usecase: classification
2023-01-14 21:32:33,122:INFO:version 2.3.10
2023-01-14 21:32:33,122:INFO:Initializing setup()
2023-01-14 21:32:33,122:INFO:setup(target=Result, ml_usecase=classification, available_plots={'parameter': 'Hyperparameters', 'auc': 'AUC', 'confusion_matrix': 'Confusion Matrix', 'threshold': 'Threshold', 'pr': 'Precision Recall', 'error': 'Prediction Error', 'class_report': 'Class Report', 'rfe': 'Feature Selection', 'learning': 'Learning Curve', 'manifold': 'Manifold Learning', 'calibration': 'Calibration Curve', 'vc': 'Validation Curve', 'dimension': 'Dimensions', 'feature': 'Feature Importance', 'feature_all': 'Feature Importance (All)', 'boundary': 'Decision Boundary', 'lift': 'Lift Chart', 'gain': 'Gain Chart', 'tree': 'Decision Tree', 'ks': 'KS Statistic Plot'}, train_size=0.7, test_data=None, preprocess=True, imputation_type=simple, iterative_imputation_iters=5, categorical_features=None, categorical_imputation=constant, categorical_iterative_imputer=lightgbm, ordinal_features=None, high_cardinality_features=None, high_cardinality_method=frequency, numeric_features=None, numeric_imputation=mean, numeric_iterative_imputer=lightgbm, date_features=None, ignore_features=None, normalize=False, normalize_method=zscore, transformation=False, transformation_method=yeo-johnson, handle_unknown_categorical=True, unknown_categorical_method=least_frequent, pca=False, pca_method=linear, pca_components=None, ignore_low_variance=False, combine_rare_levels=False, rare_level_threshold=0.1, bin_numeric_features=None, remove_outliers=False, outliers_threshold=0.05, remove_multicollinearity=False, multicollinearity_threshold=0.9, remove_perfect_collinearity=True, create_clusters=False, cluster_iter=20, polynomial_features=False, polynomial_degree=2, trigonometry_features=False, polynomial_threshold=0.1, group_features=None, group_names=None, feature_selection=False, feature_selection_threshold=0.8, feature_selection_method=classic, feature_interaction=False, feature_ratio=False, interaction_threshold=0.01, fix_imbalance=False, fix_imbalance_method=None, transform_target=False, transform_target_method=box-cox, data_split_shuffle=True, data_split_stratify=False, fold_strategy=stratifiedkfold, fold=10, fold_shuffle=False, fold_groups=None, n_jobs=-1, use_gpu=False, custom_pipeline=None, html=True, session_id=123, log_experiment=False, experiment_name=None, experiment_custom_tags=None, log_plots=False, log_profile=False, log_data=False, silent=False, verbose=True, profile=False, profile_kwargs=None, display=None)
2023-01-14 21:32:33,122:INFO:Checking environment
2023-01-14 21:32:33,122:INFO:python_version: 3.8.8
2023-01-14 21:32:33,122:INFO:python_build: ('default', 'Apr 13 2021 19:58:26')
2023-01-14 21:32:33,122:INFO:machine: x86_64
2023-01-14 21:32:33,122:INFO:platform: Linux-5.15.0-57-generic-x86_64-with-glibc2.10
2023-01-14 21:32:33,122:INFO:Memory: svmem(total=16717799424, available=7036862464, percent=57.9, used=9046200320, free=2812641280, active=1648390144, inactive=10933153792, buffers=305053696, cached=4553904128, shared=292233216, slab=582537216)
2023-01-14 21:32:33,123:INFO:Physical Core: 8
2023-01-14 21:32:33,123:INFO:Logical Core: 16
2023-01-14 21:32:33,123:INFO:Checking libraries
2023-01-14 21:32:33,123:INFO:pd==1.4.1
2023-01-14 21:32:33,123:INFO:numpy==1.19.5
2023-01-14 21:32:33,123:INFO:sklearn==0.23.2
2023-01-14 21:32:33,123:INFO:lightgbm==3.3.4
2023-01-14 21:32:33,123:WARNING:catboost not found
2023-01-14 21:32:33,123:INFO:xgboost==1.7.1
2023-01-14 21:32:33,123:INFO:mlflow==2.1.1
2023-01-14 21:32:33,123:INFO:Checking Exceptions
2023-01-14 21:32:33,123:INFO:Declaring global variables
2023-01-14 21:32:33,123:INFO:USI: 6f2a
2023-01-14 21:32:33,123:INFO:pycaret_globals: {'dashboard_logger', '_all_metrics', 'iterative_imputation_iters_param', 'target_param', 'USI', 'transform_target_param', 'log_plots_param', 'gpu_param', 'fold_shuffle_param', 'display_container', 'transform_target_method_param', 'X_train', 'experiment__', 'pycaret_globals', 'prep_pipe', '_available_plots', '_all_models_internal', 'fold_generator', 'html_param', 'y_train', 'data_before_preprocess', 'exp_name_log', 'fold_groups_param', 'fix_imbalance_method_param', '_internal_pipeline', 'imputation_regressor', 'y_test', 'imputation_classifier', '_gpu_n_jobs_param', 'master_model_container', 'X_test', 'fold_groups_param_full', 'y', 'logging_param', 'create_model_container', 'n_jobs_param', 'X', 'fix_imbalance_param', '_all_models', '_ml_usecase', 'fold_param', 'seed', 'stratify_param'}
2023-01-14 21:32:33,123:INFO:Preparing display monitor
2023-01-14 21:32:33,124:INFO:Preparing display monitor
2023-01-14 21:32:33,134:INFO:Importing libraries
2023-01-14 21:32:33,134:INFO:Copying data for preprocessing
2023-01-14 21:32:33,139:INFO:Declaring preprocessing parameters
2023-01-14 21:32:33,142:INFO:Creating preprocessing pipeline
2023-01-14 21:32:33,184:INFO:Preprocessing pipeline created successfully
2023-01-14 21:32:33,184:ERROR:(Process Exit): setup has been interupted with user command 'quit'. setup must rerun.
2023-01-14 21:32:33,184:INFO:Creating global containers
2023-01-14 21:32:33,184:INFO:Internal pipeline: Pipeline(memory=None, steps=[('empty_step', 'passthrough')], verbose=False)
2023-01-14 21:33:20,081:WARNING:Couldn't import catboost.CatBoostClassifier
2023-01-14 21:33:20,149:WARNING:Couldn't import catboost.CatBoostClassifier
2023-01-14 21:33:20,149:INFO:Creating grid variables
2023-01-14 21:33:20,169:INFO:create_model_container: 0
2023-01-14 21:33:20,169:INFO:master_model_container: 0
2023-01-14 21:33:20,169:INFO:display_container: 1
2023-01-14 21:33:20,174:INFO:Pipeline(memory=None,
         steps=[('dtypes',
                 DataTypes_Auto_infer(categorical_features=[],
                                      display_types=True, features_todrop=[],
                                      id_columns=[],
                                      ml_usecase='classification',
                                      numerical_features=[], target='Result',
                                      time_features=[])),
                ('imputer',
                 Simple_Imputer(categorical_strategy='not_available',
                                fill_value_categorical=None,
                                fill_value_numerical=None,
                                numeric_strat...
                ('scaling', 'passthrough'), ('P_transform', 'passthrough'),
                ('binn', 'passthrough'), ('rem_outliers', 'passthrough'),
                ('cluster_all', 'passthrough'),
                ('dummy', Dummify(target='Result')),
                ('fix_perfect', Remove_100(target='Result')),
                ('clean_names', Clean_Colum_Names()),
                ('feature_select', 'passthrough'), ('fix_multi', 'passthrough'),
                ('dfs', 'passthrough'), ('pca', 'passthrough')],
         verbose=False)
2023-01-14 21:33:20,174:INFO:setup() succesfully completed......................................
2023-01-14 21:33:36,242:INFO:Initializing compare_models()
2023-01-14 21:33:36,243:INFO:compare_models(include=None, fold=None, round=4, cross_validation=True, sort=Accuracy, n_select=1, budget_time=None, turbo=True, errors=ignore, fit_kwargs=None, groups=None, experiment_custom_tags=None, probability_threshold=None, verbose=True, display=None, exclude=None)
2023-01-14 21:33:36,243:INFO:Checking exceptions
2023-01-14 21:33:36,244:INFO:Preparing display monitor
2023-01-14 21:33:36,244:INFO:Preparing display monitor
2023-01-14 21:33:36,259:INFO:Initializing Logistic Regression
2023-01-14 21:33:36,259:INFO:Total runtime is 3.3497810363769533e-06 minutes
2023-01-14 21:33:36,264:INFO:SubProcess create_model() called ==================================
2023-01-14 21:33:36,265:INFO:Initializing create_model()
2023-01-14 21:33:36,265:INFO:create_model(estimator=lr, fold=StratifiedKFold(n_splits=10, random_state=None, shuffle=False), round=4, cross_validation=True, predict=True, fit_kwargs={}, groups=None, refit=False, verbose=False, system=False, metrics=None, experiment_custom_tags=None, add_to_model_list=True, probability_threshold=None, display=<pycaret.internal.Display.Display object at 0x7feb4416b9a0>, return_train_score=False, kwargs={})
2023-01-14 21:33:36,265:INFO:Checking exceptions
2023-01-14 21:33:36,265:INFO:Importing libraries
2023-01-14 21:33:36,265:INFO:Copying training dataset
2023-01-14 21:33:36,266:INFO:Defining folds
2023-01-14 21:33:36,266:INFO:Declaring metric variables
2023-01-14 21:33:36,272:INFO:Importing untrained model
2023-01-14 21:33:36,279:INFO:Logistic Regression Imported succesfully
2023-01-14 21:33:36,288:INFO:Starting cross validation
2023-01-14 21:33:36,288:INFO:Cross validating with StratifiedKFold(n_splits=10, random_state=None, shuffle=False), n_jobs=-1
2023-01-14 21:33:40,096:INFO:Calculating mean and std
2023-01-14 21:33:40,097:INFO:Creating metrics dataframe
2023-01-14 21:33:40,122:INFO:Uploading results into container
2023-01-14 21:33:40,122:INFO:Uploading model into container now
2023-01-14 21:33:40,123:INFO:create_model_container: 1
2023-01-14 21:33:40,123:INFO:master_model_container: 1
2023-01-14 21:33:40,123:INFO:display_container: 2
2023-01-14 21:33:40,123:INFO:LogisticRegression(C=1.0, class_weight=None, dual=False, fit_intercept=True,
                   intercept_scaling=1, l1_ratio=None, max_iter=1000,
                   multi_class='auto', n_jobs=None, penalty='l2',
                   random_state=123, solver='lbfgs', tol=0.0001, verbose=0,
                   warm_start=False)
2023-01-14 21:33:40,123:INFO:create_model() succesfully completed......................................
2023-01-14 21:33:40,436:INFO:SubProcess create_model() end ==================================
2023-01-14 21:33:40,436:INFO:Creating metrics dataframe
2023-01-14 21:33:40,450:INFO:Initializing K Neighbors Classifier
2023-01-14 21:33:40,451:INFO:Total runtime is 0.06985698143641153 minutes
2023-01-14 21:33:40,455:INFO:SubProcess create_model() called ==================================
2023-01-14 21:33:40,455:INFO:Initializing create_model()
2023-01-14 21:33:40,455:INFO:create_model(estimator=knn, fold=StratifiedKFold(n_splits=10, random_state=None, shuffle=False), round=4, cross_validation=True, predict=True, fit_kwargs={}, groups=None, refit=False, verbose=False, system=False, metrics=None, experiment_custom_tags=None, add_to_model_list=True, probability_threshold=None, display=<pycaret.internal.Display.Display object at 0x7feb4416b9a0>, return_train_score=False, kwargs={})
2023-01-14 21:33:40,455:INFO:Checking exceptions
2023-01-14 21:33:40,455:INFO:Importing libraries
2023-01-14 21:33:40,455:INFO:Copying training dataset
2023-01-14 21:33:40,457:INFO:Defining folds
2023-01-14 21:33:40,457:INFO:Declaring metric variables
2023-01-14 21:33:40,461:INFO:Importing untrained model
2023-01-14 21:33:40,465:INFO:K Neighbors Classifier Imported succesfully
2023-01-14 21:33:40,473:INFO:Starting cross validation
2023-01-14 21:33:40,474:INFO:Cross validating with StratifiedKFold(n_splits=10, random_state=None, shuffle=False), n_jobs=-1
2023-01-14 21:33:42,334:INFO:Calculating mean and std
2023-01-14 21:33:42,335:INFO:Creating metrics dataframe
2023-01-14 21:33:42,351:INFO:Uploading results into container
2023-01-14 21:33:42,351:INFO:Uploading model into container now
2023-01-14 21:33:42,351:INFO:create_model_container: 2
2023-01-14 21:33:42,351:INFO:master_model_container: 2
2023-01-14 21:33:42,351:INFO:display_container: 2
2023-01-14 21:33:42,352:INFO:KNeighborsClassifier(algorithm='auto', leaf_size=30, metric='minkowski',
                     metric_params=None, n_jobs=-1, n_neighbors=5, p=2,
                     weights='uniform')
2023-01-14 21:33:42,352:INFO:create_model() succesfully completed......................................
2023-01-14 21:33:42,645:INFO:SubProcess create_model() end ==================================
2023-01-14 21:33:42,645:INFO:Creating metrics dataframe
2023-01-14 21:33:42,658:INFO:Initializing Naive Bayes
2023-01-14 21:33:42,659:INFO:Total runtime is 0.10665525595347086 minutes
2023-01-14 21:33:42,663:INFO:SubProcess create_model() called ==================================
2023-01-14 21:33:42,663:INFO:Initializing create_model()
2023-01-14 21:33:42,663:INFO:create_model(estimator=nb, fold=StratifiedKFold(n_splits=10, random_state=None, shuffle=False), round=4, cross_validation=True, predict=True, fit_kwargs={}, groups=None, refit=False, verbose=False, system=False, metrics=None, experiment_custom_tags=None, add_to_model_list=True, probability_threshold=None, display=<pycaret.internal.Display.Display object at 0x7feb4416b9a0>, return_train_score=False, kwargs={})
2023-01-14 21:33:42,664:INFO:Checking exceptions
2023-01-14 21:33:42,664:INFO:Importing libraries
2023-01-14 21:33:42,664:INFO:Copying training dataset
2023-01-14 21:33:42,665:INFO:Defining folds
2023-01-14 21:33:42,665:INFO:Declaring metric variables
2023-01-14 21:33:42,669:INFO:Importing untrained model
2023-01-14 21:33:42,673:INFO:Naive Bayes Imported succesfully
2023-01-14 21:33:42,681:INFO:Starting cross validation
2023-01-14 21:33:42,681:INFO:Cross validating with StratifiedKFold(n_splits=10, random_state=None, shuffle=False), n_jobs=-1
2023-01-14 21:33:42,840:INFO:Calculating mean and std
2023-01-14 21:33:42,842:INFO:Creating metrics dataframe
2023-01-14 21:33:42,857:INFO:Uploading results into container
2023-01-14 21:33:42,857:INFO:Uploading model into container now
2023-01-14 21:33:42,857:INFO:create_model_container: 3
2023-01-14 21:33:42,857:INFO:master_model_container: 3
2023-01-14 21:33:42,857:INFO:display_container: 2
2023-01-14 21:33:42,857:INFO:GaussianNB(priors=None, var_smoothing=1e-09)
2023-01-14 21:33:42,857:INFO:create_model() succesfully completed......................................
2023-01-14 21:33:43,151:INFO:SubProcess create_model() end ==================================
2023-01-14 21:33:43,152:INFO:Creating metrics dataframe
2023-01-14 21:33:43,166:INFO:Initializing Decision Tree Classifier
2023-01-14 21:33:43,167:INFO:Total runtime is 0.11512405077616374 minutes
2023-01-14 21:33:43,171:INFO:SubProcess create_model() called ==================================
2023-01-14 21:33:43,172:INFO:Initializing create_model()
2023-01-14 21:33:43,172:INFO:create_model(estimator=dt, fold=StratifiedKFold(n_splits=10, random_state=None, shuffle=False), round=4, cross_validation=True, predict=True, fit_kwargs={}, groups=None, refit=False, verbose=False, system=False, metrics=None, experiment_custom_tags=None, add_to_model_list=True, probability_threshold=None, display=<pycaret.internal.Display.Display object at 0x7feb4416b9a0>, return_train_score=False, kwargs={})
2023-01-14 21:33:43,172:INFO:Checking exceptions
2023-01-14 21:33:43,172:INFO:Importing libraries
2023-01-14 21:33:43,172:INFO:Copying training dataset
2023-01-14 21:33:43,173:INFO:Defining folds
2023-01-14 21:33:43,174:INFO:Declaring metric variables
2023-01-14 21:33:43,180:INFO:Importing untrained model
2023-01-14 21:33:43,184:INFO:Decision Tree Classifier Imported succesfully
2023-01-14 21:33:43,193:INFO:Starting cross validation
2023-01-14 21:33:43,193:INFO:Cross validating with StratifiedKFold(n_splits=10, random_state=None, shuffle=False), n_jobs=-1
2023-01-14 21:33:43,513:INFO:Calculating mean and std
2023-01-14 21:33:43,514:INFO:Creating metrics dataframe
2023-01-14 21:33:43,527:INFO:Uploading results into container
2023-01-14 21:33:43,528:INFO:Uploading model into container now
2023-01-14 21:33:43,528:INFO:create_model_container: 4
2023-01-14 21:33:43,528:INFO:master_model_container: 4
2023-01-14 21:33:43,528:INFO:display_container: 2
2023-01-14 21:33:43,528:INFO:DecisionTreeClassifier(ccp_alpha=0.0, class_weight=None, criterion='gini',
                       max_depth=None, max_features=None, max_leaf_nodes=None,
                       min_impurity_decrease=0.0, min_impurity_split=None,
                       min_samples_leaf=1, min_samples_split=2,
                       min_weight_fraction_leaf=0.0, presort='deprecated',
                       random_state=123, splitter='best')
2023-01-14 21:33:43,528:INFO:create_model() succesfully completed......................................
2023-01-14 21:33:43,814:INFO:SubProcess create_model() end ==================================
2023-01-14 21:33:43,814:INFO:Creating metrics dataframe
2023-01-14 21:33:43,829:INFO:Initializing SVM - Linear Kernel
2023-01-14 21:33:43,829:INFO:Total runtime is 0.12616804043451946 minutes
2023-01-14 21:33:43,834:INFO:SubProcess create_model() called ==================================
2023-01-14 21:33:43,834:INFO:Initializing create_model()
2023-01-14 21:33:43,834:INFO:create_model(estimator=svm, fold=StratifiedKFold(n_splits=10, random_state=None, shuffle=False), round=4, cross_validation=True, predict=True, fit_kwargs={}, groups=None, refit=False, verbose=False, system=False, metrics=None, experiment_custom_tags=None, add_to_model_list=True, probability_threshold=None, display=<pycaret.internal.Display.Display object at 0x7feb4416b9a0>, return_train_score=False, kwargs={})
2023-01-14 21:33:43,834:INFO:Checking exceptions
2023-01-14 21:33:43,835:INFO:Importing libraries
2023-01-14 21:33:43,835:INFO:Copying training dataset
2023-01-14 21:33:43,836:INFO:Defining folds
2023-01-14 21:33:43,836:INFO:Declaring metric variables
2023-01-14 21:33:43,840:INFO:Importing untrained model
2023-01-14 21:33:43,845:INFO:SVM - Linear Kernel Imported succesfully
2023-01-14 21:33:43,853:INFO:Starting cross validation
2023-01-14 21:33:43,854:INFO:Cross validating with StratifiedKFold(n_splits=10, random_state=None, shuffle=False), n_jobs=-1
2023-01-14 21:33:45,146:INFO:Calculating mean and std
2023-01-14 21:33:45,147:INFO:Creating metrics dataframe
2023-01-14 21:33:45,161:INFO:Uploading results into container
2023-01-14 21:33:45,161:INFO:Uploading model into container now
2023-01-14 21:33:45,161:INFO:create_model_container: 5
2023-01-14 21:33:45,161:INFO:master_model_container: 5
2023-01-14 21:33:45,161:INFO:display_container: 2
2023-01-14 21:33:45,161:INFO:SGDClassifier(alpha=0.0001, average=False, class_weight=None,
              early_stopping=False, epsilon=0.1, eta0=0.001, fit_intercept=True,
              l1_ratio=0.15, learning_rate='optimal', loss='hinge',
              max_iter=1000, n_iter_no_change=5, n_jobs=-1, penalty='l2',
              power_t=0.5, random_state=123, shuffle=True, tol=0.001,
              validation_fraction=0.1, verbose=0, warm_start=False)
2023-01-14 21:33:45,161:INFO:create_model() succesfully completed......................................
2023-01-14 21:33:45,451:INFO:SubProcess create_model() end ==================================
2023-01-14 21:33:45,451:INFO:Creating metrics dataframe
2023-01-14 21:33:45,469:INFO:Initializing Ridge Classifier
2023-01-14 21:33:45,469:INFO:Total runtime is 0.1534927765528361 minutes
2023-01-14 21:33:45,473:INFO:SubProcess create_model() called ==================================
2023-01-14 21:33:45,473:INFO:Initializing create_model()
2023-01-14 21:33:45,474:INFO:create_model(estimator=ridge, fold=StratifiedKFold(n_splits=10, random_state=None, shuffle=False), round=4, cross_validation=True, predict=True, fit_kwargs={}, groups=None, refit=False, verbose=False, system=False, metrics=None, experiment_custom_tags=None, add_to_model_list=True, probability_threshold=None, display=<pycaret.internal.Display.Display object at 0x7feb4416b9a0>, return_train_score=False, kwargs={})
2023-01-14 21:33:45,474:INFO:Checking exceptions
2023-01-14 21:33:45,474:INFO:Importing libraries
2023-01-14 21:33:45,474:INFO:Copying training dataset
2023-01-14 21:33:45,475:INFO:Defining folds
2023-01-14 21:33:45,475:INFO:Declaring metric variables
2023-01-14 21:33:45,480:INFO:Importing untrained model
2023-01-14 21:33:45,484:INFO:Ridge Classifier Imported succesfully
2023-01-14 21:33:45,492:INFO:Starting cross validation
2023-01-14 21:33:45,493:INFO:Cross validating with StratifiedKFold(n_splits=10, random_state=None, shuffle=False), n_jobs=-1
2023-01-14 21:33:45,754:INFO:Calculating mean and std
2023-01-14 21:33:45,755:INFO:Creating metrics dataframe
2023-01-14 21:33:45,769:INFO:Uploading results into container
2023-01-14 21:33:45,770:INFO:Uploading model into container now
2023-01-14 21:33:45,770:INFO:create_model_container: 6
2023-01-14 21:33:45,770:INFO:master_model_container: 6
2023-01-14 21:33:45,770:INFO:display_container: 2
2023-01-14 21:33:45,770:INFO:RidgeClassifier(alpha=1.0, class_weight=None, copy_X=True, fit_intercept=True,
                max_iter=None, normalize=False, random_state=123, solver='auto',
                tol=0.001)
2023-01-14 21:33:45,770:INFO:create_model() succesfully completed......................................
2023-01-14 21:33:46,066:INFO:SubProcess create_model() end ==================================
2023-01-14 21:33:46,066:INFO:Creating metrics dataframe
2023-01-14 21:33:46,086:INFO:Initializing Random Forest Classifier
2023-01-14 21:33:46,086:INFO:Total runtime is 0.16377777258555096 minutes
2023-01-14 21:33:46,090:INFO:SubProcess create_model() called ==================================
2023-01-14 21:33:46,091:INFO:Initializing create_model()
2023-01-14 21:33:46,091:INFO:create_model(estimator=rf, fold=StratifiedKFold(n_splits=10, random_state=None, shuffle=False), round=4, cross_validation=True, predict=True, fit_kwargs={}, groups=None, refit=False, verbose=False, system=False, metrics=None, experiment_custom_tags=None, add_to_model_list=True, probability_threshold=None, display=<pycaret.internal.Display.Display object at 0x7feb4416b9a0>, return_train_score=False, kwargs={})
2023-01-14 21:33:46,091:INFO:Checking exceptions
2023-01-14 21:33:46,091:INFO:Importing libraries
2023-01-14 21:33:46,091:INFO:Copying training dataset
2023-01-14 21:33:46,092:INFO:Defining folds
2023-01-14 21:33:46,093:INFO:Declaring metric variables
2023-01-14 21:33:46,097:INFO:Importing untrained model
2023-01-14 21:33:46,101:INFO:Random Forest Classifier Imported succesfully
2023-01-14 21:33:46,110:INFO:Starting cross validation
2023-01-14 21:33:46,111:INFO:Cross validating with StratifiedKFold(n_splits=10, random_state=None, shuffle=False), n_jobs=-1
2023-01-14 21:33:49,676:INFO:Calculating mean and std
2023-01-14 21:33:49,678:INFO:Creating metrics dataframe
2023-01-14 21:33:49,691:INFO:Uploading results into container
2023-01-14 21:33:49,691:INFO:Uploading model into container now
2023-01-14 21:33:49,691:INFO:create_model_container: 7
2023-01-14 21:33:49,691:INFO:master_model_container: 7
2023-01-14 21:33:49,691:INFO:display_container: 2
2023-01-14 21:33:49,692:INFO:RandomForestClassifier(bootstrap=True, ccp_alpha=0.0, class_weight=None,
                       criterion='gini', max_depth=None, max_features='auto',
                       max_leaf_nodes=None, max_samples=None,
                       min_impurity_decrease=0.0, min_impurity_split=None,
                       min_samples_leaf=1, min_samples_split=2,
                       min_weight_fraction_leaf=0.0, n_estimators=100,
                       n_jobs=-1, oob_score=False, random_state=123, verbose=0,
                       warm_start=False)
2023-01-14 21:33:49,692:INFO:create_model() succesfully completed......................................
2023-01-14 21:33:49,986:INFO:SubProcess create_model() end ==================================
2023-01-14 21:33:49,986:INFO:Creating metrics dataframe
2023-01-14 21:33:50,001:INFO:Initializing Quadratic Discriminant Analysis
2023-01-14 21:33:50,002:INFO:Total runtime is 0.22904030481974286 minutes
2023-01-14 21:33:50,006:INFO:SubProcess create_model() called ==================================
2023-01-14 21:33:50,006:INFO:Initializing create_model()
2023-01-14 21:33:50,006:INFO:create_model(estimator=qda, fold=StratifiedKFold(n_splits=10, random_state=None, shuffle=False), round=4, cross_validation=True, predict=True, fit_kwargs={}, groups=None, refit=False, verbose=False, system=False, metrics=None, experiment_custom_tags=None, add_to_model_list=True, probability_threshold=None, display=<pycaret.internal.Display.Display object at 0x7feb4416b9a0>, return_train_score=False, kwargs={})
2023-01-14 21:33:50,006:INFO:Checking exceptions
2023-01-14 21:33:50,006:INFO:Importing libraries
2023-01-14 21:33:50,007:INFO:Copying training dataset
2023-01-14 21:33:50,008:INFO:Defining folds
2023-01-14 21:33:50,008:INFO:Declaring metric variables
2023-01-14 21:33:50,013:INFO:Importing untrained model
2023-01-14 21:33:50,020:INFO:Quadratic Discriminant Analysis Imported succesfully
2023-01-14 21:33:50,029:INFO:Starting cross validation
2023-01-14 21:33:50,030:INFO:Cross validating with StratifiedKFold(n_splits=10, random_state=None, shuffle=False), n_jobs=-1
2023-01-14 21:33:51,113:INFO:Calculating mean and std
2023-01-14 21:33:51,115:INFO:Creating metrics dataframe
2023-01-14 21:33:51,130:INFO:Uploading results into container
2023-01-14 21:33:51,130:INFO:Uploading model into container now
2023-01-14 21:33:51,130:INFO:create_model_container: 8
2023-01-14 21:33:51,130:INFO:master_model_container: 8
2023-01-14 21:33:51,130:INFO:display_container: 2
2023-01-14 21:33:51,131:INFO:QuadraticDiscriminantAnalysis(priors=None, reg_param=0.0,
                              store_covariance=False, tol=0.0001)
2023-01-14 21:33:51,131:INFO:create_model() succesfully completed......................................
2023-01-14 21:33:51,425:INFO:SubProcess create_model() end ==================================
2023-01-14 21:33:51,425:INFO:Creating metrics dataframe
2023-01-14 21:33:51,440:INFO:Initializing Ada Boost Classifier
2023-01-14 21:33:51,440:INFO:Total runtime is 0.2530183831850688 minutes
2023-01-14 21:33:51,447:INFO:SubProcess create_model() called ==================================
2023-01-14 21:33:51,447:INFO:Initializing create_model()
2023-01-14 21:33:51,447:INFO:create_model(estimator=ada, fold=StratifiedKFold(n_splits=10, random_state=None, shuffle=False), round=4, cross_validation=True, predict=True, fit_kwargs={}, groups=None, refit=False, verbose=False, system=False, metrics=None, experiment_custom_tags=None, add_to_model_list=True, probability_threshold=None, display=<pycaret.internal.Display.Display object at 0x7feb4416b9a0>, return_train_score=False, kwargs={})
2023-01-14 21:33:51,447:INFO:Checking exceptions
2023-01-14 21:33:51,447:INFO:Importing libraries
2023-01-14 21:33:51,447:INFO:Copying training dataset
2023-01-14 21:33:51,449:INFO:Defining folds
2023-01-14 21:33:51,449:INFO:Declaring metric variables
2023-01-14 21:33:51,455:INFO:Importing untrained model
2023-01-14 21:33:51,459:INFO:Ada Boost Classifier Imported succesfully
2023-01-14 21:33:51,471:INFO:Starting cross validation
2023-01-14 21:33:51,472:INFO:Cross validating with StratifiedKFold(n_splits=10, random_state=None, shuffle=False), n_jobs=-1
2023-01-14 21:33:52,736:INFO:Calculating mean and std
2023-01-14 21:33:52,737:INFO:Creating metrics dataframe
2023-01-14 21:33:52,753:INFO:Uploading results into container
2023-01-14 21:33:52,753:INFO:Uploading model into container now
2023-01-14 21:33:52,753:INFO:create_model_container: 9
2023-01-14 21:33:52,753:INFO:master_model_container: 9
2023-01-14 21:33:52,753:INFO:display_container: 2
2023-01-14 21:33:52,753:INFO:AdaBoostClassifier(algorithm='SAMME.R', base_estimator=None, learning_rate=1.0,
                   n_estimators=50, random_state=123)
2023-01-14 21:33:52,753:INFO:create_model() succesfully completed......................................
2023-01-14 21:33:53,055:INFO:SubProcess create_model() end ==================================
2023-01-14 21:33:53,055:INFO:Creating metrics dataframe
2023-01-14 21:33:53,071:INFO:Initializing Gradient Boosting Classifier
2023-01-14 21:33:53,071:INFO:Total runtime is 0.2801949858665467 minutes
2023-01-14 21:33:53,076:INFO:SubProcess create_model() called ==================================
2023-01-14 21:33:53,076:INFO:Initializing create_model()
2023-01-14 21:33:53,076:INFO:create_model(estimator=gbc, fold=StratifiedKFold(n_splits=10, random_state=None, shuffle=False), round=4, cross_validation=True, predict=True, fit_kwargs={}, groups=None, refit=False, verbose=False, system=False, metrics=None, experiment_custom_tags=None, add_to_model_list=True, probability_threshold=None, display=<pycaret.internal.Display.Display object at 0x7feb4416b9a0>, return_train_score=False, kwargs={})
2023-01-14 21:33:53,076:INFO:Checking exceptions
2023-01-14 21:33:53,076:INFO:Importing libraries
2023-01-14 21:33:53,076:INFO:Copying training dataset
2023-01-14 21:33:53,078:INFO:Defining folds
2023-01-14 21:33:53,078:INFO:Declaring metric variables
2023-01-14 21:33:53,082:INFO:Importing untrained model
2023-01-14 21:33:53,086:INFO:Gradient Boosting Classifier Imported succesfully
2023-01-14 21:33:53,094:INFO:Starting cross validation
2023-01-14 21:33:53,095:INFO:Cross validating with StratifiedKFold(n_splits=10, random_state=None, shuffle=False), n_jobs=-1
2023-01-14 21:33:56,888:INFO:Calculating mean and std
2023-01-14 21:33:56,890:INFO:Creating metrics dataframe
2023-01-14 21:33:56,903:INFO:Uploading results into container
2023-01-14 21:33:56,904:INFO:Uploading model into container now
2023-01-14 21:33:56,904:INFO:create_model_container: 10
2023-01-14 21:33:56,904:INFO:master_model_container: 10
2023-01-14 21:33:56,904:INFO:display_container: 2
2023-01-14 21:33:56,904:INFO:GradientBoostingClassifier(ccp_alpha=0.0, criterion='friedman_mse', init=None,
                           learning_rate=0.1, loss='deviance', max_depth=3,
                           max_features=None, max_leaf_nodes=None,
                           min_impurity_decrease=0.0, min_impurity_split=None,
                           min_samples_leaf=1, min_samples_split=2,
                           min_weight_fraction_leaf=0.0, n_estimators=100,
                           n_iter_no_change=None, presort='deprecated',
                           random_state=123, subsample=1.0, tol=0.0001,
                           validation_fraction=0.1, verbose=0,
                           warm_start=False)
2023-01-14 21:33:56,904:INFO:create_model() succesfully completed......................................
2023-01-14 21:33:57,197:INFO:SubProcess create_model() end ==================================
2023-01-14 21:33:57,197:INFO:Creating metrics dataframe
2023-01-14 21:33:57,213:INFO:Initializing Linear Discriminant Analysis
2023-01-14 21:33:57,213:INFO:Total runtime is 0.34922844171524053 minutes
2023-01-14 21:33:57,218:INFO:SubProcess create_model() called ==================================
2023-01-14 21:33:57,218:INFO:Initializing create_model()
2023-01-14 21:33:57,218:INFO:create_model(estimator=lda, fold=StratifiedKFold(n_splits=10, random_state=None, shuffle=False), round=4, cross_validation=True, predict=True, fit_kwargs={}, groups=None, refit=False, verbose=False, system=False, metrics=None, experiment_custom_tags=None, add_to_model_list=True, probability_threshold=None, display=<pycaret.internal.Display.Display object at 0x7feb4416b9a0>, return_train_score=False, kwargs={})
2023-01-14 21:33:57,218:INFO:Checking exceptions
2023-01-14 21:33:57,218:INFO:Importing libraries
2023-01-14 21:33:57,218:INFO:Copying training dataset
2023-01-14 21:33:57,219:INFO:Defining folds
2023-01-14 21:33:57,219:INFO:Declaring metric variables
2023-01-14 21:33:57,224:INFO:Importing untrained model
2023-01-14 21:33:57,230:INFO:Linear Discriminant Analysis Imported succesfully
2023-01-14 21:33:57,240:INFO:Starting cross validation
2023-01-14 21:33:57,240:INFO:Cross validating with StratifiedKFold(n_splits=10, random_state=None, shuffle=False), n_jobs=-1
2023-01-14 21:33:58,939:INFO:Calculating mean and std
2023-01-14 21:33:58,940:INFO:Creating metrics dataframe
2023-01-14 21:33:58,953:INFO:Uploading results into container
2023-01-14 21:33:58,953:INFO:Uploading model into container now
2023-01-14 21:33:58,953:INFO:create_model_container: 11
2023-01-14 21:33:58,953:INFO:master_model_container: 11
2023-01-14 21:33:58,953:INFO:display_container: 2
2023-01-14 21:33:58,953:INFO:LinearDiscriminantAnalysis(n_components=None, priors=None, shrinkage=None,
                           solver='svd', store_covariance=False, tol=0.0001)
2023-01-14 21:33:58,954:INFO:create_model() succesfully completed......................................
2023-01-14 21:33:59,250:INFO:SubProcess create_model() end ==================================
2023-01-14 21:33:59,250:INFO:Creating metrics dataframe
2023-01-14 21:33:59,265:INFO:Initializing Extra Trees Classifier
2023-01-14 21:33:59,266:INFO:Total runtime is 0.3834397355715434 minutes
2023-01-14 21:33:59,271:INFO:SubProcess create_model() called ==================================
2023-01-14 21:33:59,271:INFO:Initializing create_model()
2023-01-14 21:33:59,271:INFO:create_model(estimator=et, fold=StratifiedKFold(n_splits=10, random_state=None, shuffle=False), round=4, cross_validation=True, predict=True, fit_kwargs={}, groups=None, refit=False, verbose=False, system=False, metrics=None, experiment_custom_tags=None, add_to_model_list=True, probability_threshold=None, display=<pycaret.internal.Display.Display object at 0x7feb4416b9a0>, return_train_score=False, kwargs={})
2023-01-14 21:33:59,271:INFO:Checking exceptions
2023-01-14 21:33:59,271:INFO:Importing libraries
2023-01-14 21:33:59,271:INFO:Copying training dataset
2023-01-14 21:33:59,273:INFO:Defining folds
2023-01-14 21:33:59,273:INFO:Declaring metric variables
2023-01-14 21:33:59,281:INFO:Importing untrained model
2023-01-14 21:33:59,285:INFO:Extra Trees Classifier Imported succesfully
2023-01-14 21:33:59,293:INFO:Starting cross validation
2023-01-14 21:33:59,294:INFO:Cross validating with StratifiedKFold(n_splits=10, random_state=None, shuffle=False), n_jobs=-1
2023-01-14 21:34:03,985:INFO:Calculating mean and std
2023-01-14 21:34:03,986:INFO:Creating metrics dataframe
2023-01-14 21:34:04,001:INFO:Uploading results into container
2023-01-14 21:34:04,001:INFO:Uploading model into container now
2023-01-14 21:34:04,001:INFO:create_model_container: 12
2023-01-14 21:34:04,001:INFO:master_model_container: 12
2023-01-14 21:34:04,001:INFO:display_container: 2
2023-01-14 21:34:04,002:INFO:ExtraTreesClassifier(bootstrap=False, ccp_alpha=0.0, class_weight=None,
                     criterion='gini', max_depth=None, max_features='auto',
                     max_leaf_nodes=None, max_samples=None,
                     min_impurity_decrease=0.0, min_impurity_split=None,
                     min_samples_leaf=1, min_samples_split=2,
                     min_weight_fraction_leaf=0.0, n_estimators=100, n_jobs=-1,
                     oob_score=False, random_state=123, verbose=0,
                     warm_start=False)
2023-01-14 21:34:04,002:INFO:create_model() succesfully completed......................................
2023-01-14 21:34:04,284:INFO:SubProcess create_model() end ==================================
2023-01-14 21:34:04,284:INFO:Creating metrics dataframe
2023-01-14 21:34:04,300:INFO:Initializing Extreme Gradient Boosting
2023-01-14 21:34:04,300:INFO:Total runtime is 0.46734602848688767 minutes
2023-01-14 21:34:04,305:INFO:SubProcess create_model() called ==================================
2023-01-14 21:34:04,305:INFO:Initializing create_model()
2023-01-14 21:34:04,306:INFO:create_model(estimator=xgboost, fold=StratifiedKFold(n_splits=10, random_state=None, shuffle=False), round=4, cross_validation=True, predict=True, fit_kwargs={}, groups=None, refit=False, verbose=False, system=False, metrics=None, experiment_custom_tags=None, add_to_model_list=True, probability_threshold=None, display=<pycaret.internal.Display.Display object at 0x7feb4416b9a0>, return_train_score=False, kwargs={})
2023-01-14 21:34:04,306:INFO:Checking exceptions
2023-01-14 21:34:04,306:INFO:Importing libraries
2023-01-14 21:34:04,306:INFO:Copying training dataset
2023-01-14 21:34:04,308:INFO:Defining folds
2023-01-14 21:34:04,308:INFO:Declaring metric variables
2023-01-14 21:34:04,315:INFO:Importing untrained model
2023-01-14 21:34:04,322:INFO:Extreme Gradient Boosting Imported succesfully
2023-01-14 21:34:04,334:INFO:Starting cross validation
2023-01-14 21:34:04,336:INFO:Cross validating with StratifiedKFold(n_splits=10, random_state=None, shuffle=False), n_jobs=-1
2023-01-14 21:34:10,596:INFO:Calculating mean and std
2023-01-14 21:34:10,598:INFO:Creating metrics dataframe
2023-01-14 21:34:10,611:INFO:Uploading results into container
2023-01-14 21:34:10,611:INFO:Uploading model into container now
2023-01-14 21:34:10,611:INFO:create_model_container: 13
2023-01-14 21:34:10,611:INFO:master_model_container: 13
2023-01-14 21:34:10,612:INFO:display_container: 2
2023-01-14 21:34:10,612:INFO:XGBClassifier(base_score=None, booster='gbtree', callbacks=None,
              colsample_bylevel=None, colsample_bynode=None,
              colsample_bytree=None, early_stopping_rounds=None,
              enable_categorical=False, eval_metric=None, feature_types=None,
              gamma=None, gpu_id=None, grow_policy=None, importance_type=None,
              interaction_constraints=None, learning_rate=None, max_bin=None,
              max_cat_threshold=None, max_cat_to_onehot=None,
              max_delta_step=None, max_depth=None, max_leaves=None,
              min_child_weight=None, missing=nan, monotone_constraints=None,
              n_estimators=100, n_jobs=-1, num_parallel_tree=None,
              objective='binary:logistic', predictor=None, ...)
2023-01-14 21:34:10,612:INFO:create_model() succesfully completed......................................
2023-01-14 21:34:10,907:INFO:SubProcess create_model() end ==================================
2023-01-14 21:34:10,908:INFO:Creating metrics dataframe
2023-01-14 21:34:10,923:INFO:Initializing Light Gradient Boosting Machine
2023-01-14 21:34:10,923:INFO:Total runtime is 0.5777339299519857 minutes
2023-01-14 21:34:10,928:INFO:SubProcess create_model() called ==================================
2023-01-14 21:34:10,928:INFO:Initializing create_model()
2023-01-14 21:34:10,928:INFO:create_model(estimator=lightgbm, fold=StratifiedKFold(n_splits=10, random_state=None, shuffle=False), round=4, cross_validation=True, predict=True, fit_kwargs={}, groups=None, refit=False, verbose=False, system=False, metrics=None, experiment_custom_tags=None, add_to_model_list=True, probability_threshold=None, display=<pycaret.internal.Display.Display object at 0x7feb4416b9a0>, return_train_score=False, kwargs={})
2023-01-14 21:34:10,928:INFO:Checking exceptions
2023-01-14 21:34:10,928:INFO:Importing libraries
2023-01-14 21:34:10,928:INFO:Copying training dataset
2023-01-14 21:34:10,930:INFO:Defining folds
2023-01-14 21:34:10,930:INFO:Declaring metric variables
2023-01-14 21:34:10,935:INFO:Importing untrained model
2023-01-14 21:34:10,939:INFO:Light Gradient Boosting Machine Imported succesfully
2023-01-14 21:34:10,947:INFO:Starting cross validation
2023-01-14 21:34:10,948:INFO:Cross validating with StratifiedKFold(n_splits=10, random_state=None, shuffle=False), n_jobs=-1
2023-01-14 21:34:11,347:INFO:Calculating mean and std
2023-01-14 21:34:11,348:INFO:Creating metrics dataframe
2023-01-14 21:34:11,366:INFO:Uploading results into container
2023-01-14 21:34:11,366:INFO:Uploading model into container now
2023-01-14 21:34:11,367:INFO:create_model_container: 14
2023-01-14 21:34:11,367:INFO:master_model_container: 14
2023-01-14 21:34:11,367:INFO:display_container: 2
2023-01-14 21:34:11,367:INFO:LGBMClassifier(boosting_type='gbdt', class_weight=None, colsample_bytree=1.0,
               importance_type='split', learning_rate=0.1, max_depth=-1,
               min_child_samples=20, min_child_weight=0.001, min_split_gain=0.0,
               n_estimators=100, n_jobs=-1, num_leaves=31, objective=None,
               random_state=123, reg_alpha=0.0, reg_lambda=0.0, silent='warn',
               subsample=1.0, subsample_for_bin=200000, subsample_freq=0)
2023-01-14 21:34:11,367:INFO:create_model() succesfully completed......................................
2023-01-14 21:34:11,660:INFO:SubProcess create_model() end ==================================
2023-01-14 21:34:11,660:INFO:Creating metrics dataframe
2023-01-14 21:34:11,677:INFO:Initializing Dummy Classifier
2023-01-14 21:34:11,677:INFO:Total runtime is 0.5902952750523885 minutes
2023-01-14 21:34:11,682:INFO:SubProcess create_model() called ==================================
2023-01-14 21:34:11,682:INFO:Initializing create_model()
2023-01-14 21:34:11,682:INFO:create_model(estimator=dummy, fold=StratifiedKFold(n_splits=10, random_state=None, shuffle=False), round=4, cross_validation=True, predict=True, fit_kwargs={}, groups=None, refit=False, verbose=False, system=False, metrics=None, experiment_custom_tags=None, add_to_model_list=True, probability_threshold=None, display=<pycaret.internal.Display.Display object at 0x7feb4416b9a0>, return_train_score=False, kwargs={})
2023-01-14 21:34:11,682:INFO:Checking exceptions
2023-01-14 21:34:11,682:INFO:Importing libraries
2023-01-14 21:34:11,682:INFO:Copying training dataset
2023-01-14 21:34:11,684:INFO:Defining folds
2023-01-14 21:34:11,684:INFO:Declaring metric variables
2023-01-14 21:34:11,688:INFO:Importing untrained model
2023-01-14 21:34:11,693:INFO:Dummy Classifier Imported succesfully
2023-01-14 21:34:11,705:INFO:Starting cross validation
2023-01-14 21:34:11,706:INFO:Cross validating with StratifiedKFold(n_splits=10, random_state=None, shuffle=False), n_jobs=-1
2023-01-14 21:34:11,862:INFO:Calculating mean and std
2023-01-14 21:34:11,864:INFO:Creating metrics dataframe
2023-01-14 21:34:11,877:INFO:Uploading results into container
2023-01-14 21:34:11,877:INFO:Uploading model into container now
2023-01-14 21:34:11,877:INFO:create_model_container: 15
2023-01-14 21:34:11,877:INFO:master_model_container: 15
2023-01-14 21:34:11,877:INFO:display_container: 2
2023-01-14 21:34:11,877:INFO:DummyClassifier(constant=None, random_state=123, strategy='prior')
2023-01-14 21:34:11,878:INFO:create_model() succesfully completed......................................
2023-01-14 21:34:12,156:INFO:SubProcess create_model() end ==================================
2023-01-14 21:34:12,156:INFO:Creating metrics dataframe
2023-01-14 21:34:12,185:INFO:Initializing create_model()
2023-01-14 21:34:12,185:INFO:create_model(estimator=XGBClassifier(base_score=None, booster='gbtree', callbacks=None,
              colsample_bylevel=None, colsample_bynode=None,
              colsample_bytree=None, early_stopping_rounds=None,
              enable_categorical=False, eval_metric=None, feature_types=None,
              gamma=None, gpu_id=None, grow_policy=None, importance_type=None,
              interaction_constraints=None, learning_rate=None, max_bin=None,
              max_cat_threshold=None, max_cat_to_onehot=None,
              max_delta_step=None, max_depth=None, max_leaves=None,
              min_child_weight=None, missing=nan, monotone_constraints=None,
              n_estimators=100, n_jobs=-1, num_parallel_tree=None,
              objective='binary:logistic', predictor=None, ...), fold=StratifiedKFold(n_splits=10, random_state=None, shuffle=False), round=4, cross_validation=False, predict=False, fit_kwargs={}, groups=None, refit=True, verbose=False, system=False, metrics=None, experiment_custom_tags=None, add_to_model_list=True, probability_threshold=None, display=None, return_train_score=False, kwargs={})
2023-01-14 21:34:12,185:INFO:Checking exceptions
2023-01-14 21:34:12,185:INFO:Importing libraries
2023-01-14 21:34:12,185:INFO:Copying training dataset
2023-01-14 21:34:12,187:INFO:Defining folds
2023-01-14 21:34:12,187:INFO:Declaring metric variables
2023-01-14 21:34:12,187:INFO:Importing untrained model
2023-01-14 21:34:12,187:INFO:Declaring custom model
2023-01-14 21:34:12,188:INFO:Extreme Gradient Boosting Imported succesfully
2023-01-14 21:34:12,188:INFO:Cross validation set to False
2023-01-14 21:34:12,188:INFO:Fitting Model
2023-01-14 21:34:13,127:INFO:XGBClassifier(base_score=0.5, booster='gbtree', callbacks=None,
              colsample_bylevel=1, colsample_bynode=1, colsample_bytree=1,
              early_stopping_rounds=None, enable_categorical=False,
              eval_metric=None, feature_types=None, gamma=0, gpu_id=-1,
              grow_policy='depthwise', importance_type=None,
              interaction_constraints='', learning_rate=0.300000012,
              max_bin=256, max_cat_threshold=64, max_cat_to_onehot=4,
              max_delta_step=0, max_depth=6, max_leaves=0, min_child_weight=1,
              missing=nan, monotone_constraints='()', n_estimators=100,
              n_jobs=-1, num_parallel_tree=1, objective='binary:logistic',
              predictor='auto', ...)
2023-01-14 21:34:13,127:INFO:create_models() succesfully completed......................................
2023-01-14 21:34:13,512:INFO:create_model_container: 15
2023-01-14 21:34:13,512:INFO:master_model_container: 15
2023-01-14 21:34:13,512:INFO:display_container: 2
2023-01-14 21:34:13,514:INFO:XGBClassifier(base_score=0.5, booster='gbtree', callbacks=None,
              colsample_bylevel=1, colsample_bynode=1, colsample_bytree=1,
              early_stopping_rounds=None, enable_categorical=False,
              eval_metric=None, feature_types=None, gamma=0, gpu_id=-1,
              grow_policy='depthwise', importance_type=None,
              interaction_constraints='', learning_rate=0.300000012,
              max_bin=256, max_cat_threshold=64, max_cat_to_onehot=4,
              max_delta_step=0, max_depth=6, max_leaves=0, min_child_weight=1,
              missing=nan, monotone_constraints='()', n_estimators=100,
              n_jobs=-1, num_parallel_tree=1, objective='binary:logistic',
              predictor='auto', ...)
2023-01-14 21:34:13,514:INFO:compare_models() succesfully completed......................................
2023-01-14 21:35:46,468:INFO:Initializing create_model()
2023-01-14 21:35:46,468:INFO:create_model(estimator=xgboost, fold=None, round=4, cross_validation=True, predict=True, fit_kwargs=None, groups=None, refit=True, verbose=True, system=True, metrics=None, experiment_custom_tags=None, add_to_model_list=True, probability_threshold=None, display=None, return_train_score=False, kwargs={})
2023-01-14 21:35:46,468:INFO:Checking exceptions
2023-01-14 21:35:46,469:INFO:Preparing display monitor
2023-01-14 21:35:46,482:INFO:Importing libraries
2023-01-14 21:35:46,482:INFO:Copying training dataset
2023-01-14 21:35:46,485:INFO:Defining folds
2023-01-14 21:35:46,486:INFO:Declaring metric variables
2023-01-14 21:35:46,493:INFO:Importing untrained model
2023-01-14 21:35:46,500:INFO:Extreme Gradient Boosting Imported succesfully
2023-01-14 21:35:46,510:INFO:Starting cross validation
2023-01-14 21:35:46,511:INFO:Cross validating with StratifiedKFold(n_splits=10, random_state=None, shuffle=False), n_jobs=-1
2023-01-14 21:35:53,063:INFO:Calculating mean and std
2023-01-14 21:35:53,065:INFO:Creating metrics dataframe
2023-01-14 21:35:53,073:INFO:Finalizing model
2023-01-14 21:35:53,937:INFO:Uploading results into container
2023-01-14 21:35:53,937:INFO:Uploading model into container now
2023-01-14 21:35:53,942:INFO:create_model_container: 16
2023-01-14 21:35:53,942:INFO:master_model_container: 16
2023-01-14 21:35:53,942:INFO:display_container: 3
2023-01-14 21:35:53,944:INFO:XGBClassifier(base_score=0.5, booster='gbtree', callbacks=None,
              colsample_bylevel=1, colsample_bynode=1, colsample_bytree=1,
              early_stopping_rounds=None, enable_categorical=False,
              eval_metric=None, feature_types=None, gamma=0, gpu_id=-1,
              grow_policy='depthwise', importance_type=None,
              interaction_constraints='', learning_rate=0.300000012,
              max_bin=256, max_cat_threshold=64, max_cat_to_onehot=4,
              max_delta_step=0, max_depth=6, max_leaves=0, min_child_weight=1,
              missing=nan, monotone_constraints='()', n_estimators=100,
              n_jobs=-1, num_parallel_tree=1, objective='binary:logistic',
              predictor='auto', ...)
2023-01-14 21:35:53,944:INFO:create_model() succesfully completed......................................
2023-01-14 21:36:13,405:INFO:Initializing tune_model()
2023-01-14 21:36:13,405:INFO:tune_model(estimator=XGBClassifier(base_score=0.5, booster='gbtree', callbacks=None,
              colsample_bylevel=1, colsample_bynode=1, colsample_bytree=1,
              early_stopping_rounds=None, enable_categorical=False,
              eval_metric=None, feature_types=None, gamma=0, gpu_id=-1,
              grow_policy='depthwise', importance_type=None,
              interaction_constraints='', learning_rate=0.300000012,
              max_bin=256, max_cat_threshold=64, max_cat_to_onehot=4,
              max_delta_step=0, max_depth=6, max_leaves=0, min_child_weight=1,
              missing=nan, monotone_constraints='()', n_estimators=100,
              n_jobs=-1, num_parallel_tree=1, objective='binary:logistic',
              predictor='auto', ...), fold=None, round=4, n_iter=10, custom_grid=None, optimize=Accuracy, custom_scorer=None, search_library=scikit-learn, search_algorithm=None, early_stopping=False, early_stopping_max_iters=10, choose_better=False, fit_kwargs=None, groups=None, return_tuner=False, verbose=True, tuner_verbose=True, display=None, return_train_score=False, kwargs={})
2023-01-14 21:36:13,405:INFO:Checking exceptions
2023-01-14 21:36:13,406:INFO:Preparing display monitor
2023-01-14 21:36:13,417:INFO:Copying training dataset
2023-01-14 21:36:13,418:INFO:Checking base model
2023-01-14 21:36:13,418:INFO:Base model : Extreme Gradient Boosting
2023-01-14 21:36:13,424:INFO:Declaring metric variables
2023-01-14 21:36:13,429:INFO:Defining Hyperparameters
2023-01-14 21:36:13,758:INFO:Tuning with n_jobs=-1
2023-01-14 21:36:13,758:INFO:Initializing RandomizedSearchCV
2023-01-14 21:37:48,284:INFO:best_params: {'actual_estimator__subsample': 0.5, 'actual_estimator__scale_pos_weight': 2.1, 'actual_estimator__reg_lambda': 5, 'actual_estimator__reg_alpha': 0.05, 'actual_estimator__n_estimators': 300, 'actual_estimator__min_child_weight': 1, 'actual_estimator__max_depth': 10, 'actual_estimator__learning_rate': 0.0005, 'actual_estimator__colsample_bytree': 1}
2023-01-14 21:37:48,285:INFO:Hyperparameter search completed
2023-01-14 21:37:48,285:INFO:SubProcess create_model() called ==================================
2023-01-14 21:37:48,286:INFO:Initializing create_model()
2023-01-14 21:37:48,286:INFO:create_model(estimator=XGBClassifier(base_score=0.5, booster='gbtree', callbacks=None,
              colsample_bylevel=1, colsample_bynode=1, colsample_bytree=1,
              early_stopping_rounds=None, enable_categorical=False,
              eval_metric=None, feature_types=None, gamma=0, gpu_id=-1,
              grow_policy='depthwise', importance_type=None,
              interaction_constraints='', learning_rate=0.300000012,
              max_bin=256, max_cat_threshold=64, max_cat_to_onehot=4,
              max_delta_step=0, max_depth=6, max_leaves=0, min_child_weight=1,
              missing=nan, monotone_constraints='()', n_estimators=100,
              n_jobs=-1, num_parallel_tree=1, objective='binary:logistic',
              predictor='auto', ...), fold=StratifiedKFold(n_splits=10, random_state=None, shuffle=False), round=4, cross_validation=True, predict=True, fit_kwargs={}, groups=None, refit=True, verbose=True, system=False, metrics=None, experiment_custom_tags=None, add_to_model_list=True, probability_threshold=None, display=<pycaret.internal.Display.Display object at 0x7feb4433c460>, return_train_score=False, kwargs={'subsample': 0.5, 'scale_pos_weight': 2.1, 'reg_lambda': 5, 'reg_alpha': 0.05, 'n_estimators': 300, 'min_child_weight': 1, 'max_depth': 10, 'learning_rate': 0.0005, 'colsample_bytree': 1})
2023-01-14 21:37:48,287:INFO:Checking exceptions
2023-01-14 21:37:48,287:INFO:Importing libraries
2023-01-14 21:37:48,287:INFO:Copying training dataset
2023-01-14 21:37:48,289:INFO:Defining folds
2023-01-14 21:37:48,289:INFO:Declaring metric variables
2023-01-14 21:37:48,297:INFO:Importing untrained model
2023-01-14 21:37:48,297:INFO:Declaring custom model
2023-01-14 21:37:48,305:INFO:Extreme Gradient Boosting Imported succesfully
2023-01-14 21:37:48,314:INFO:Starting cross validation
2023-01-14 21:37:48,315:INFO:Cross validating with StratifiedKFold(n_splits=10, random_state=None, shuffle=False), n_jobs=-1
2023-01-14 21:38:23,891:INFO:Calculating mean and std
2023-01-14 21:38:23,938:INFO:Creating metrics dataframe
2023-01-14 21:38:23,948:INFO:Finalizing model
2023-01-14 21:38:30,320:INFO:Uploading results into container
2023-01-14 21:38:30,321:INFO:Uploading model into container now
2023-01-14 21:38:30,321:INFO:create_model_container: 17
2023-01-14 21:38:30,321:INFO:master_model_container: 17
2023-01-14 21:38:30,321:INFO:display_container: 4
2023-01-14 21:38:30,322:INFO:XGBClassifier(base_score=0.5, booster='gbtree', callbacks=None,
              colsample_bylevel=1, colsample_bynode=1, colsample_bytree=1,
              early_stopping_rounds=None, enable_categorical=False,
              eval_metric=None, feature_types=None, gamma=0, gpu_id=-1,
              grow_policy='depthwise', importance_type=None,
              interaction_constraints='', learning_rate=0.0005, max_bin=256,
              max_cat_threshold=64, max_cat_to_onehot=4, max_delta_step=0,
              max_depth=10, max_leaves=0, min_child_weight=1, missing=nan,
              monotone_constraints='()', n_estimators=300, n_jobs=-1,
              num_parallel_tree=1, objective='binary:logistic',
              predictor='auto', ...)
2023-01-14 21:38:30,322:INFO:create_model() succesfully completed......................................
2023-01-14 21:38:30,618:INFO:SubProcess create_model() end ==================================
2023-01-14 21:38:30,632:INFO:create_model_container: 17
2023-01-14 21:38:30,632:INFO:master_model_container: 17
2023-01-14 21:38:30,632:INFO:display_container: 4
2023-01-14 21:38:30,635:INFO:XGBClassifier(base_score=0.5, booster='gbtree', callbacks=None,
              colsample_bylevel=1, colsample_bynode=1, colsample_bytree=1,
              early_stopping_rounds=None, enable_categorical=False,
              eval_metric=None, feature_types=None, gamma=0, gpu_id=-1,
              grow_policy='depthwise', importance_type=None,
              interaction_constraints='', learning_rate=0.0005, max_bin=256,
              max_cat_threshold=64, max_cat_to_onehot=4, max_delta_step=0,
              max_depth=10, max_leaves=0, min_child_weight=1, missing=nan,
              monotone_constraints='()', n_estimators=300, n_jobs=-1,
              num_parallel_tree=1, objective='binary:logistic',
              predictor='auto', ...)
2023-01-14 21:38:30,635:INFO:tune_model() succesfully completed......................................
2023-01-14 21:38:35,163:INFO:Initializing plot_model()
2023-01-14 21:38:35,163:INFO:plot_model(fold=None, use_train_data=False, verbose=True, is_in_evaluate=False, display=None, display_format=None, estimator=XGBClassifier(base_score=0.5, booster='gbtree', callbacks=None,
              colsample_bylevel=1, colsample_bynode=1, colsample_bytree=1,
              early_stopping_rounds=None, enable_categorical=False,
              eval_metric=None, feature_types=None, gamma=0, gpu_id=-1,
              grow_policy='depthwise', importance_type=None,
              interaction_constraints='', learning_rate=0.0005, max_bin=256,
              max_cat_threshold=64, max_cat_to_onehot=4, max_delta_step=0,
              max_depth=10, max_leaves=0, min_child_weight=1, missing=nan,
              monotone_constraints='()', n_estimators=300, n_jobs=-1,
              num_parallel_tree=1, objective='binary:logistic',
              predictor='auto', ...), feature_name=None, fit_kwargs=None, groups=None, label=False, plot=feature, plot_kwargs=None, save=False, scale=1, system=True)
2023-01-14 21:38:35,163:INFO:Checking exceptions
2023-01-14 21:38:35,168:INFO:Preparing display monitor
2023-01-14 21:38:35,173:INFO:Preloading libraries
2023-01-14 21:38:35,213:INFO:Copying training dataset
2023-01-14 21:38:35,218:INFO:Copying test dataset
2023-01-14 21:38:35,219:INFO:Plot type: feature
2023-01-14 21:38:35,227:WARNING:No coef_ found. Trying feature_importances_
2023-01-14 21:38:35,400:INFO:Visual Rendered Successfully
2023-01-14 21:38:35,716:INFO:plot_model() succesfully completed......................................
2023-01-14 21:38:35,754:INFO:Initializing plot_model()
2023-01-14 21:38:35,754:INFO:plot_model(fold=None, use_train_data=False, verbose=True, is_in_evaluate=False, display=None, display_format=None, estimator=XGBClassifier(base_score=0.5, booster='gbtree', callbacks=None,
              colsample_bylevel=1, colsample_bynode=1, colsample_bytree=1,
              early_stopping_rounds=None, enable_categorical=False,
              eval_metric=None, feature_types=None, gamma=0, gpu_id=-1,
              grow_policy='depthwise', importance_type=None,
              interaction_constraints='', learning_rate=0.0005, max_bin=256,
              max_cat_threshold=64, max_cat_to_onehot=4, max_delta_step=0,
              max_depth=10, max_leaves=0, min_child_weight=1, missing=nan,
              monotone_constraints='()', n_estimators=300, n_jobs=-1,
              num_parallel_tree=1, objective='binary:logistic',
              predictor='auto', ...), feature_name=None, fit_kwargs=None, groups=None, label=False, plot=auc, plot_kwargs=None, save=False, scale=1, system=True)
2023-01-14 21:38:35,755:INFO:Checking exceptions
2023-01-14 21:38:35,758:INFO:Preparing display monitor
2023-01-14 21:38:35,763:INFO:Preloading libraries
2023-01-14 21:38:35,793:INFO:Copying training dataset
2023-01-14 21:38:35,798:INFO:Copying test dataset
2023-01-14 21:38:35,799:INFO:Plot type: auc
2023-01-14 21:38:35,806:INFO:Initializing get_config()
2023-01-14 21:38:35,807:INFO:get_config(variable=prep_pipe)
2023-01-14 21:38:35,810:INFO:Global variable: prep_pipe returned as Pipeline(memory=None,
         steps=[('dtypes',
                 DataTypes_Auto_infer(categorical_features=[],
                                      display_types=True, features_todrop=[],
                                      id_columns=[],
                                      ml_usecase='classification',
                                      numerical_features=[], target='Result',
                                      time_features=[])),
                ('imputer',
                 Simple_Imputer(categorical_strategy='not_available',
                                fill_value_categorical=None,
                                fill_value_numerical=None,
                                numeric_strat...
                ('scaling', 'passthrough'), ('P_transform', 'passthrough'),
                ('binn', 'passthrough'), ('rem_outliers', 'passthrough'),
                ('cluster_all', 'passthrough'),
                ('dummy', Dummify(target='Result')),
                ('fix_perfect', Remove_100(target='Result')),
                ('clean_names', Clean_Colum_Names()),
                ('feature_select', 'passthrough'), ('fix_multi', 'passthrough'),
                ('dfs', 'passthrough'), ('pca', 'passthrough')],
         verbose=False)
2023-01-14 21:38:35,810:INFO:get_config() succesfully completed......................................
2023-01-14 21:38:35,810:INFO:Fitting Model
2023-01-14 21:38:35,812:INFO:Scoring test/hold-out set
2023-01-14 21:38:35,996:INFO:Visual Rendered Successfully
2023-01-14 21:38:36,289:INFO:plot_model() succesfully completed......................................
2023-01-14 21:38:36,313:INFO:Initializing plot_model()
2023-01-14 21:38:36,313:INFO:plot_model(fold=None, use_train_data=False, verbose=True, is_in_evaluate=False, display=None, display_format=None, estimator=XGBClassifier(base_score=0.5, booster='gbtree', callbacks=None,
              colsample_bylevel=1, colsample_bynode=1, colsample_bytree=1,
              early_stopping_rounds=None, enable_categorical=False,
              eval_metric=None, feature_types=None, gamma=0, gpu_id=-1,
              grow_policy='depthwise', importance_type=None,
              interaction_constraints='', learning_rate=0.0005, max_bin=256,
              max_cat_threshold=64, max_cat_to_onehot=4, max_delta_step=0,
              max_depth=10, max_leaves=0, min_child_weight=1, missing=nan,
              monotone_constraints='()', n_estimators=300, n_jobs=-1,
              num_parallel_tree=1, objective='binary:logistic',
              predictor='auto', ...), feature_name=None, fit_kwargs=None, groups=None, label=False, plot=confusion_matrix, plot_kwargs=None, save=False, scale=1, system=True)
2023-01-14 21:38:36,313:INFO:Checking exceptions
2023-01-14 21:38:36,318:INFO:Preparing display monitor
2023-01-14 21:38:36,322:INFO:Preloading libraries
2023-01-14 21:38:36,343:INFO:Copying training dataset
2023-01-14 21:38:36,345:INFO:Copying test dataset
2023-01-14 21:38:36,346:INFO:Plot type: confusion_matrix
2023-01-14 21:38:36,353:INFO:Initializing get_config()
2023-01-14 21:38:36,353:INFO:get_config(variable=prep_pipe)
2023-01-14 21:38:36,356:INFO:Global variable: prep_pipe returned as Pipeline(memory=None,
         steps=[('dtypes',
                 DataTypes_Auto_infer(categorical_features=[],
                                      display_types=True, features_todrop=[],
                                      id_columns=[],
                                      ml_usecase='classification',
                                      numerical_features=[], target='Result',
                                      time_features=[])),
                ('imputer',
                 Simple_Imputer(categorical_strategy='not_available',
                                fill_value_categorical=None,
                                fill_value_numerical=None,
                                numeric_strat...
                ('scaling', 'passthrough'), ('P_transform', 'passthrough'),
                ('binn', 'passthrough'), ('rem_outliers', 'passthrough'),
                ('cluster_all', 'passthrough'),
                ('dummy', Dummify(target='Result')),
                ('fix_perfect', Remove_100(target='Result')),
                ('clean_names', Clean_Colum_Names()),
                ('feature_select', 'passthrough'), ('fix_multi', 'passthrough'),
                ('dfs', 'passthrough'), ('pca', 'passthrough')],
         verbose=False)
2023-01-14 21:38:36,356:INFO:get_config() succesfully completed......................................
2023-01-14 21:38:36,357:INFO:Fitting Model
2023-01-14 21:38:36,358:INFO:Scoring test/hold-out set
2023-01-14 21:38:36,485:INFO:Visual Rendered Successfully
2023-01-14 21:38:36,805:INFO:plot_model() succesfully completed......................................
2023-01-14 21:38:54,602:INFO:Initializing evaluate_model()
2023-01-14 21:38:54,602:INFO:evaluate_model(estimator=XGBClassifier(base_score=0.5, booster='gbtree', callbacks=None,
              colsample_bylevel=1, colsample_bynode=1, colsample_bytree=1,
              early_stopping_rounds=None, enable_categorical=False,
              eval_metric=None, feature_types=None, gamma=0, gpu_id=-1,
              grow_policy='depthwise', importance_type=None,
              interaction_constraints='', learning_rate=0.0005, max_bin=256,
              max_cat_threshold=64, max_cat_to_onehot=4, max_delta_step=0,
              max_depth=10, max_leaves=0, min_child_weight=1, missing=nan,
              monotone_constraints='()', n_estimators=300, n_jobs=-1,
              num_parallel_tree=1, objective='binary:logistic',
              predictor='auto', ...), fold=None, fit_kwargs=None, plot_kwargs=None, feature_name=None, groups=None, use_train_data=False)
2023-01-14 21:38:54,654:INFO:Initializing plot_model()
2023-01-14 21:38:54,654:INFO:plot_model(fold=StratifiedKFold(n_splits=10, random_state=None, shuffle=False), use_train_data=False, verbose=True, is_in_evaluate=True, display=None, display_format=None, estimator=XGBClassifier(base_score=0.5, booster='gbtree', callbacks=None,
              colsample_bylevel=1, colsample_bynode=1, colsample_bytree=1,
              early_stopping_rounds=None, enable_categorical=False,
              eval_metric=None, feature_types=None, gamma=0, gpu_id=-1,
              grow_policy='depthwise', importance_type=None,
              interaction_constraints='', learning_rate=0.0005, max_bin=256,
              max_cat_threshold=64, max_cat_to_onehot=4, max_delta_step=0,
              max_depth=10, max_leaves=0, min_child_weight=1, missing=nan,
              monotone_constraints='()', n_estimators=300, n_jobs=-1,
              num_parallel_tree=1, objective='binary:logistic',
              predictor='auto', ...), feature_name=None, fit_kwargs={}, groups=None, label=False, plot=parameter, plot_kwargs={}, save=False, scale=1, system=True)
2023-01-14 21:38:54,654:INFO:Checking exceptions
2023-01-14 21:38:54,658:INFO:Preparing display monitor
2023-01-14 21:38:54,662:INFO:Preloading libraries
2023-01-14 21:38:54,696:INFO:Copying training dataset
2023-01-14 21:38:54,698:INFO:Copying test dataset
2023-01-14 21:38:54,699:INFO:Plot type: parameter
2023-01-14 21:38:54,714:INFO:Visual Rendered Successfully
2023-01-14 21:38:55,087:INFO:plot_model() succesfully completed......................................
2023-01-14 21:39:00,561:INFO:Initializing plot_model()
2023-01-14 21:39:00,561:INFO:plot_model(fold=StratifiedKFold(n_splits=10, random_state=None, shuffle=False), use_train_data=False, verbose=True, is_in_evaluate=True, display=None, display_format=None, estimator=XGBClassifier(base_score=0.5, booster='gbtree', callbacks=None,
              colsample_bylevel=1, colsample_bynode=1, colsample_bytree=1,
              early_stopping_rounds=None, enable_categorical=False,
              eval_metric=None, feature_types=None, gamma=0, gpu_id=-1,
              grow_policy='depthwise', importance_type=None,
              interaction_constraints='', learning_rate=0.0005, max_bin=256,
              max_cat_threshold=64, max_cat_to_onehot=4, max_delta_step=0,
              max_depth=10, max_leaves=0, min_child_weight=1, missing=nan,
              monotone_constraints='()', n_estimators=300, n_jobs=-1,
              num_parallel_tree=1, objective='binary:logistic',
              predictor='auto', ...), feature_name=None, fit_kwargs={}, groups=None, label=False, plot=auc, plot_kwargs={}, save=False, scale=1, system=True)
2023-01-14 21:39:00,561:INFO:Checking exceptions
2023-01-14 21:39:00,566:INFO:Preparing display monitor
2023-01-14 21:39:00,570:INFO:Preloading libraries
2023-01-14 21:39:00,591:INFO:Copying training dataset
2023-01-14 21:39:00,592:INFO:Copying test dataset
2023-01-14 21:39:00,593:INFO:Plot type: auc
2023-01-14 21:39:00,601:INFO:Initializing get_config()
2023-01-14 21:39:00,601:INFO:get_config(variable=prep_pipe)
2023-01-14 21:39:00,604:INFO:Global variable: prep_pipe returned as Pipeline(memory=None,
         steps=[('dtypes',
                 DataTypes_Auto_infer(categorical_features=[],
                                      display_types=True, features_todrop=[],
                                      id_columns=[],
                                      ml_usecase='classification',
                                      numerical_features=[], target='Result',
                                      time_features=[])),
                ('imputer',
                 Simple_Imputer(categorical_strategy='not_available',
                                fill_value_categorical=None,
                                fill_value_numerical=None,
                                numeric_strat...
                ('scaling', 'passthrough'), ('P_transform', 'passthrough'),
                ('binn', 'passthrough'), ('rem_outliers', 'passthrough'),
                ('cluster_all', 'passthrough'),
                ('dummy', Dummify(target='Result')),
                ('fix_perfect', Remove_100(target='Result')),
                ('clean_names', Clean_Colum_Names()),
                ('feature_select', 'passthrough'), ('fix_multi', 'passthrough'),
                ('dfs', 'passthrough'), ('pca', 'passthrough')],
         verbose=False)
2023-01-14 21:39:00,604:INFO:get_config() succesfully completed......................................
2023-01-14 21:39:00,604:INFO:Fitting Model
2023-01-14 21:39:00,606:INFO:Scoring test/hold-out set
2023-01-14 21:39:00,805:INFO:Visual Rendered Successfully
2023-01-14 21:39:01,122:INFO:plot_model() succesfully completed......................................
2023-01-14 21:39:11,533:INFO:Initializing plot_model()
2023-01-14 21:39:11,534:INFO:plot_model(fold=StratifiedKFold(n_splits=10, random_state=None, shuffle=False), use_train_data=False, verbose=True, is_in_evaluate=True, display=None, display_format=None, estimator=XGBClassifier(base_score=0.5, booster='gbtree', callbacks=None,
              colsample_bylevel=1, colsample_bynode=1, colsample_bytree=1,
              early_stopping_rounds=None, enable_categorical=False,
              eval_metric=None, feature_types=None, gamma=0, gpu_id=-1,
              grow_policy='depthwise', importance_type=None,
              interaction_constraints='', learning_rate=0.0005, max_bin=256,
              max_cat_threshold=64, max_cat_to_onehot=4, max_delta_step=0,
              max_depth=10, max_leaves=0, min_child_weight=1, missing=nan,
              monotone_constraints='()', n_estimators=300, n_jobs=-1,
              num_parallel_tree=1, objective='binary:logistic',
              predictor='auto', ...), feature_name=None, fit_kwargs={}, groups=None, label=False, plot=confusion_matrix, plot_kwargs={}, save=False, scale=1, system=True)
2023-01-14 21:39:11,534:INFO:Checking exceptions
2023-01-14 21:39:11,541:INFO:Preparing display monitor
2023-01-14 21:39:11,547:INFO:Preloading libraries
2023-01-14 21:39:11,578:INFO:Copying training dataset
2023-01-14 21:39:11,580:INFO:Copying test dataset
2023-01-14 21:39:11,581:INFO:Plot type: confusion_matrix
2023-01-14 21:39:11,593:INFO:Initializing get_config()
2023-01-14 21:39:11,593:INFO:get_config(variable=prep_pipe)
2023-01-14 21:39:11,596:INFO:Global variable: prep_pipe returned as Pipeline(memory=None,
         steps=[('dtypes',
                 DataTypes_Auto_infer(categorical_features=[],
                                      display_types=True, features_todrop=[],
                                      id_columns=[],
                                      ml_usecase='classification',
                                      numerical_features=[], target='Result',
                                      time_features=[])),
                ('imputer',
                 Simple_Imputer(categorical_strategy='not_available',
                                fill_value_categorical=None,
                                fill_value_numerical=None,
                                numeric_strat...
                ('scaling', 'passthrough'), ('P_transform', 'passthrough'),
                ('binn', 'passthrough'), ('rem_outliers', 'passthrough'),
                ('cluster_all', 'passthrough'),
                ('dummy', Dummify(target='Result')),
                ('fix_perfect', Remove_100(target='Result')),
                ('clean_names', Clean_Colum_Names()),
                ('feature_select', 'passthrough'), ('fix_multi', 'passthrough'),
                ('dfs', 'passthrough'), ('pca', 'passthrough')],
         verbose=False)
2023-01-14 21:39:11,596:INFO:get_config() succesfully completed......................................
2023-01-14 21:39:11,597:INFO:Fitting Model
2023-01-14 21:39:11,599:INFO:Scoring test/hold-out set
2023-01-14 21:39:11,728:INFO:Visual Rendered Successfully
2023-01-14 21:39:12,031:INFO:plot_model() succesfully completed......................................
2023-01-14 21:39:13,657:INFO:Initializing plot_model()
2023-01-14 21:39:13,658:INFO:plot_model(fold=StratifiedKFold(n_splits=10, random_state=None, shuffle=False), use_train_data=False, verbose=True, is_in_evaluate=True, display=None, display_format=None, estimator=XGBClassifier(base_score=0.5, booster='gbtree', callbacks=None,
              colsample_bylevel=1, colsample_bynode=1, colsample_bytree=1,
              early_stopping_rounds=None, enable_categorical=False,
              eval_metric=None, feature_types=None, gamma=0, gpu_id=-1,
              grow_policy='depthwise', importance_type=None,
              interaction_constraints='', learning_rate=0.0005, max_bin=256,
              max_cat_threshold=64, max_cat_to_onehot=4, max_delta_step=0,
              max_depth=10, max_leaves=0, min_child_weight=1, missing=nan,
              monotone_constraints='()', n_estimators=300, n_jobs=-1,
              num_parallel_tree=1, objective='binary:logistic',
              predictor='auto', ...), feature_name=None, fit_kwargs={}, groups=None, label=False, plot=threshold, plot_kwargs={}, save=False, scale=1, system=True)
2023-01-14 21:39:13,658:INFO:Checking exceptions
2023-01-14 21:39:13,663:INFO:Preparing display monitor
2023-01-14 21:39:13,667:INFO:Preloading libraries
2023-01-14 21:39:13,688:INFO:Copying training dataset
2023-01-14 21:39:13,690:INFO:Copying test dataset
2023-01-14 21:39:13,690:INFO:Plot type: threshold
2023-01-14 21:39:13,698:INFO:Fitting Model
2023-01-14 21:43:41,320:INFO:Scoring test/hold-out set
2023-01-14 21:43:41,634:INFO:Visual Rendered Successfully
2023-01-14 21:43:41,931:INFO:plot_model() succesfully completed......................................
2023-01-14 21:43:41,942:INFO:Initializing evaluate_model()
2023-01-14 21:43:41,942:INFO:evaluate_model(estimator=XGBClassifier(base_score=0.5, booster='gbtree', callbacks=None,
              colsample_bylevel=1, colsample_bynode=1, colsample_bytree=1,
              early_stopping_rounds=None, enable_categorical=False,
              eval_metric=None, feature_types=None, gamma=0, gpu_id=-1,
              grow_policy='depthwise', importance_type=None,
              interaction_constraints='', learning_rate=0.0005, max_bin=256,
              max_cat_threshold=64, max_cat_to_onehot=4, max_delta_step=0,
              max_depth=10, max_leaves=0, min_child_weight=1, missing=nan,
              monotone_constraints='()', n_estimators=300, n_jobs=-1,
              num_parallel_tree=1, objective='binary:logistic',
              predictor='auto', ...), fold=None, fit_kwargs=None, plot_kwargs=None, feature_name=None, groups=None, use_train_data=False)
2023-01-14 21:43:41,956:INFO:Initializing plot_model()
2023-01-14 21:43:41,956:INFO:plot_model(fold=StratifiedKFold(n_splits=10, random_state=None, shuffle=False), use_train_data=False, verbose=True, is_in_evaluate=True, display=None, display_format=None, estimator=XGBClassifier(base_score=0.5, booster='gbtree', callbacks=None,
              colsample_bylevel=1, colsample_bynode=1, colsample_bytree=1,
              early_stopping_rounds=None, enable_categorical=False,
              eval_metric=None, feature_types=None, gamma=0, gpu_id=-1,
              grow_policy='depthwise', importance_type=None,
              interaction_constraints='', learning_rate=0.0005, max_bin=256,
              max_cat_threshold=64, max_cat_to_onehot=4, max_delta_step=0,
              max_depth=10, max_leaves=0, min_child_weight=1, missing=nan,
              monotone_constraints='()', n_estimators=300, n_jobs=-1,
              num_parallel_tree=1, objective='binary:logistic',
              predictor='auto', ...), feature_name=None, fit_kwargs={}, groups=None, label=False, plot=parameter, plot_kwargs={}, save=False, scale=1, system=True)
2023-01-14 21:43:41,956:INFO:Checking exceptions
2023-01-14 21:43:41,961:INFO:Preparing display monitor
2023-01-14 21:43:41,966:INFO:Preloading libraries
2023-01-14 21:43:41,992:INFO:Copying training dataset
2023-01-14 21:43:41,993:INFO:Copying test dataset
2023-01-14 21:43:41,994:INFO:Plot type: parameter
2023-01-14 21:43:42,006:INFO:Visual Rendered Successfully
2023-01-14 21:43:42,302:INFO:plot_model() succesfully completed......................................
2023-01-14 21:43:42,313:INFO:Initializing plot_model()
2023-01-14 21:43:42,313:INFO:plot_model(fold=StratifiedKFold(n_splits=10, random_state=None, shuffle=False), use_train_data=False, verbose=True, is_in_evaluate=True, display=None, display_format=None, estimator=XGBClassifier(base_score=0.5, booster='gbtree', callbacks=None,
              colsample_bylevel=1, colsample_bynode=1, colsample_bytree=1,
              early_stopping_rounds=None, enable_categorical=False,
              eval_metric=None, feature_types=None, gamma=0, gpu_id=-1,
              grow_policy='depthwise', importance_type=None,
              interaction_constraints='', learning_rate=0.0005, max_bin=256,
              max_cat_threshold=64, max_cat_to_onehot=4, max_delta_step=0,
              max_depth=10, max_leaves=0, min_child_weight=1, missing=nan,
              monotone_constraints='()', n_estimators=300, n_jobs=-1,
              num_parallel_tree=1, objective='binary:logistic',
              predictor='auto', ...), feature_name=None, fit_kwargs={}, groups=None, label=False, plot=lift, plot_kwargs={}, save=False, scale=1, system=True)
2023-01-14 21:43:42,313:INFO:Checking exceptions
2023-01-14 21:43:42,316:INFO:Preparing display monitor
2023-01-14 21:43:42,321:INFO:Preloading libraries
2023-01-14 21:43:42,352:INFO:Copying training dataset
2023-01-14 21:43:42,354:INFO:Copying test dataset
2023-01-14 21:43:42,354:INFO:Plot type: lift
2023-01-14 21:43:42,364:INFO:Generating predictions / predict_proba on X_test
2023-01-14 21:43:42,534:INFO:Visual Rendered Successfully
2023-01-14 21:43:42,822:INFO:plot_model() succesfully completed......................................
2023-01-14 21:45:16,648:INFO:Initializing plot_model()
2023-01-14 21:45:16,648:INFO:plot_model(fold=StratifiedKFold(n_splits=10, random_state=None, shuffle=False), use_train_data=False, verbose=True, is_in_evaluate=True, display=None, display_format=None, estimator=XGBClassifier(base_score=0.5, booster='gbtree', callbacks=None,
              colsample_bylevel=1, colsample_bynode=1, colsample_bytree=1,
              early_stopping_rounds=None, enable_categorical=False,
              eval_metric=None, feature_types=None, gamma=0, gpu_id=-1,
              grow_policy='depthwise', importance_type=None,
              interaction_constraints='', learning_rate=0.0005, max_bin=256,
              max_cat_threshold=64, max_cat_to_onehot=4, max_delta_step=0,
              max_depth=10, max_leaves=0, min_child_weight=1, missing=nan,
              monotone_constraints='()', n_estimators=300, n_jobs=-1,
              num_parallel_tree=1, objective='binary:logistic',
              predictor='auto', ...), feature_name=None, fit_kwargs={}, groups=None, label=False, plot=feature, plot_kwargs={}, save=False, scale=1, system=True)
2023-01-14 21:45:16,648:INFO:Checking exceptions
2023-01-14 21:45:16,651:INFO:Preparing display monitor
2023-01-14 21:45:16,655:INFO:Preloading libraries
2023-01-14 21:45:16,679:INFO:Copying training dataset
2023-01-14 21:45:16,681:INFO:Copying test dataset
2023-01-14 21:45:16,681:INFO:Plot type: feature
2023-01-14 21:45:16,690:WARNING:No coef_ found. Trying feature_importances_
2023-01-14 21:45:16,824:INFO:Visual Rendered Successfully
2023-01-14 21:45:17,124:INFO:plot_model() succesfully completed......................................
2023-01-14 21:45:19,715:INFO:Initializing plot_model()
2023-01-14 21:45:19,715:INFO:plot_model(fold=StratifiedKFold(n_splits=10, random_state=None, shuffle=False), use_train_data=False, verbose=True, is_in_evaluate=True, display=None, display_format=None, estimator=XGBClassifier(base_score=0.5, booster='gbtree', callbacks=None,
              colsample_bylevel=1, colsample_bynode=1, colsample_bytree=1,
              early_stopping_rounds=None, enable_categorical=False,
              eval_metric=None, feature_types=None, gamma=0, gpu_id=-1,
              grow_policy='depthwise', importance_type=None,
              interaction_constraints='', learning_rate=0.0005, max_bin=256,
              max_cat_threshold=64, max_cat_to_onehot=4, max_delta_step=0,
              max_depth=10, max_leaves=0, min_child_weight=1, missing=nan,
              monotone_constraints='()', n_estimators=300, n_jobs=-1,
              num_parallel_tree=1, objective='binary:logistic',
              predictor='auto', ...), feature_name=None, fit_kwargs={}, groups=None, label=False, plot=feature_all, plot_kwargs={}, save=False, scale=1, system=True)
2023-01-14 21:45:19,715:INFO:Checking exceptions
2023-01-14 21:45:19,720:INFO:Preparing display monitor
2023-01-14 21:45:19,726:INFO:Preloading libraries
2023-01-14 21:45:19,747:INFO:Copying training dataset
2023-01-14 21:45:19,749:INFO:Copying test dataset
2023-01-14 21:45:19,750:INFO:Plot type: feature_all
2023-01-14 21:45:19,758:WARNING:No coef_ found. Trying feature_importances_
2023-01-14 21:45:20,425:INFO:Visual Rendered Successfully
2023-01-14 21:45:20,722:INFO:plot_model() succesfully completed......................................
2023-01-14 21:46:36,867:INFO:Initializing plot_model()
2023-01-14 21:46:36,867:INFO:plot_model(fold=StratifiedKFold(n_splits=10, random_state=None, shuffle=False), use_train_data=False, verbose=True, is_in_evaluate=True, display=None, display_format=None, estimator=XGBClassifier(base_score=0.5, booster='gbtree', callbacks=None,
              colsample_bylevel=1, colsample_bynode=1, colsample_bytree=1,
              early_stopping_rounds=None, enable_categorical=False,
              eval_metric=None, feature_types=None, gamma=0, gpu_id=-1,
              grow_policy='depthwise', importance_type=None,
              interaction_constraints='', learning_rate=0.0005, max_bin=256,
              max_cat_threshold=64, max_cat_to_onehot=4, max_delta_step=0,
              max_depth=10, max_leaves=0, min_child_weight=1, missing=nan,
              monotone_constraints='()', n_estimators=300, n_jobs=-1,
              num_parallel_tree=1, objective='binary:logistic',
              predictor='auto', ...), feature_name=None, fit_kwargs={}, groups=None, label=False, plot=ks, plot_kwargs={}, save=False, scale=1, system=True)
2023-01-14 21:46:36,867:INFO:Checking exceptions
2023-01-14 21:46:36,871:INFO:Preparing display monitor
2023-01-14 21:46:36,875:INFO:Preloading libraries
2023-01-14 21:46:36,901:INFO:Copying training dataset
2023-01-14 21:46:36,902:INFO:Copying test dataset
2023-01-14 21:46:36,903:INFO:Plot type: ks
2023-01-14 21:46:36,911:INFO:Generating predictions / predict_proba on X_test
2023-01-14 21:46:37,129:INFO:Visual Rendered Successfully
2023-01-14 21:46:37,440:INFO:plot_model() succesfully completed......................................
2023-01-14 21:46:53,356:INFO:Initializing plot_model()
2023-01-14 21:46:53,356:INFO:plot_model(fold=StratifiedKFold(n_splits=10, random_state=None, shuffle=False), use_train_data=False, verbose=True, is_in_evaluate=True, display=None, display_format=None, estimator=XGBClassifier(base_score=0.5, booster='gbtree', callbacks=None,
              colsample_bylevel=1, colsample_bynode=1, colsample_bytree=1,
              early_stopping_rounds=None, enable_categorical=False,
              eval_metric=None, feature_types=None, gamma=0, gpu_id=-1,
              grow_policy='depthwise', importance_type=None,
              interaction_constraints='', learning_rate=0.0005, max_bin=256,
              max_cat_threshold=64, max_cat_to_onehot=4, max_delta_step=0,
              max_depth=10, max_leaves=0, min_child_weight=1, missing=nan,
              monotone_constraints='()', n_estimators=300, n_jobs=-1,
              num_parallel_tree=1, objective='binary:logistic',
              predictor='auto', ...), feature_name=None, fit_kwargs={}, groups=None, label=False, plot=rfe, plot_kwargs={}, save=False, scale=1, system=True)
2023-01-14 21:46:53,356:INFO:Checking exceptions
2023-01-14 21:46:53,359:INFO:Preparing display monitor
2023-01-14 21:46:53,364:INFO:Preloading libraries
2023-01-14 21:46:53,393:INFO:Copying training dataset
2023-01-14 21:46:53,395:INFO:Copying test dataset
2023-01-14 21:46:53,396:INFO:Plot type: rfe
2023-01-14 21:46:53,406:INFO:Fitting Model
